This is pdfTeX, Version 3.14159265-2.6-1.40.16 (TeX Live 2015) (preloaded format=pdflatex 2016.3.7)  5 JUN 2016 01:23
entering extended mode
 restricted \write18 enabled.
 file:line:error style messages enabled.
 %&-line parsing enabled.
**bsc3.tex
(./bsc3.tex
LaTeX2e <2015/01/01>
Babel <3.9l> and hyphenation patterns for 79 languages loaded.
(/usr/local/texlive/2015/texmf-dist/tex/latex/koma-script/scrartcl.cls
Document Class: scrartcl 2015/05/06 v3.17a KOMA-Script document class (article)
(/usr/local/texlive/2015/texmf-dist/tex/latex/koma-script/scrkbase.sty
Package: scrkbase 2015/05/06 v3.17a KOMA-Script package (KOMA-Script-dependent basics and keyval usage)
 (/usr/local/texlive/2015/texmf-dist/tex/latex/koma-script/scrbase.sty
Package: scrbase 2015/05/06 v3.17a KOMA-Script package (KOMA-Script-independent basics and keyval usage)
 (/usr/local/texlive/2015/texmf-dist/tex/latex/graphics/keyval.sty
Package: keyval 2014/10/28 v1.15 key=value parser (DPC)
\KV@toks@=\toks14
) (/usr/local/texlive/2015/texmf-dist/tex/latex/koma-script/scrlfile.sty
Package: scrlfile 2015/05/06 v3.17a KOMA-Script package (loading files)

Package scrlfile, 2015/05/06 v3.17a KOMA-Script package (loading files)
                  Copyright (C) Markus Kohm

))) (/usr/local/texlive/2015/texmf-dist/tex/latex/koma-script/tocbasic.sty
Package: tocbasic 2015/05/06 v3.17a KOMA-Script package (handling toc-files)
)
Package tocbasic Info: omitting babel extension for `toc'
(tocbasic)             because of feature `nobabel' available
(tocbasic)             for `toc' on input line 122.
Package tocbasic Info: omitting babel extension for `lof'
(tocbasic)             because of feature `nobabel' available
(tocbasic)             for `lof' on input line 123.
Package tocbasic Info: omitting babel extension for `lot'
(tocbasic)             because of feature `nobabel' available
(tocbasic)             for `lot' on input line 124.


Package scrartcl Warning: You've used obsolete option `14pt'.
(scrartcl)                Usage of this option indicates an old document
(scrartcl)                and changes compatibility level using
(scrartcl)                `fontsize=14pt,version=first'.
(scrartcl)                If you don't want this, you should simply
(scrartcl)                replace option `14pt' by `fontsize=14pt'.

Class scrartcl Info: Switching compatibility level to `first'.
Class scrartcl Info: File `size14.clo' used to setup font sizes on input line 1942.
(/usr/local/texlive/2015/texmf-dist/tex/latex/extsizes/size14.clo
File: size14.clo 1999/11/11 v1.4a NON-Standard LaTeX file (size option)
) (/usr/local/texlive/2015/texmf-dist/tex/latex/koma-script/typearea.sty
Package: typearea 2015/05/06 v3.17a KOMA-Script package (type area)

Package typearea, 2015/05/06 v3.17a KOMA-Script package (type area)
                  Copyright (C) Frank Neukam, 1992-1994
                  Copyright (C) Markus Kohm, 1994-

\ta@bcor=\skip41
\ta@div=\count79
Package typearea Info: You've used standard option `a4paper'.
(typearea)             This is correct!
(typearea)             Internally I'm using `paper=a4'.
(typearea)             If you'd like to set the option with \KOMAoptions,
(typearea)             you'd have to use `paper=a4' there
(typearea)             instead of `a4paper', too.
\ta@hblk=\skip42
\ta@vblk=\skip43
\ta@temp=\skip44
\footheight=\skip45

Package typearea Warning: DIV for 14.0pt and used papersize
(typearea)                not defined!
(typearea)                Using DIV=1.

DIV calculation for typearea with good linewidth.
Package typearea Info: These are the values describing the layout:
(typearea)             DIV  = 17
(typearea)             BCOR = 0.0pt
(typearea)             \paperwidth      = 597.50793pt
(typearea)              \textwidth      = 492.06537pt
(typearea)              DIV departure   = 0%
(typearea)              \evensidemargin = -19.5487pt
(typearea)              \oddsidemargin  = -19.5487pt
(typearea)             \paperheight     = 845.04694pt
(typearea)              \textheight     = 711.0pt
(typearea)              \topmargin      = -69.31136pt
(typearea)              \headheight     = 21.25pt
(typearea)              \headsep        = 25.5pt
(typearea)              \topskip        = 14.0pt
(typearea)              \footskip       = 59.5pt
(typearea)              \baselineskip   = 17.0pt
(typearea)              on input line 1485.
)
\c@part=\count80
\c@section=\count81
\c@subsection=\count82
\c@subsubsection=\count83
\c@paragraph=\count84
\c@subparagraph=\count85
LaTeX Info: Redefining \textsubscript on input line 3718.
\abovecaptionskip=\skip46
\belowcaptionskip=\skip47
\c@pti@nb@sid@b@x=\box26
\c@figure=\count86
\c@table=\count87
\bibindent=\dimen102
) (/usr/local/texlive/2015/texmf-dist/tex/latex/base/inputenc.sty
Package: inputenc 2015/03/17 v1.2c Input encoding file
\inpenc@prehook=\toks15
\inpenc@posthook=\toks16
 (/usr/local/texlive/2015/texmf-dist/tex/latex/base/utf8.def
File: utf8.def 2014/09/29 v1.1m UTF-8 support for inputenc
Now handling font encoding OML ...
... no UTF-8 mapping file for font encoding OML
Now handling font encoding T1 ...
... processing UTF-8 mapping file for font encoding T1
 (/usr/local/texlive/2015/texmf-dist/tex/latex/base/t1enc.dfu
File: t1enc.dfu 2014/09/29 v1.1m UTF-8 support for inputenc
   defining Unicode char U+00A1 (decimal 161)
   defining Unicode char U+00A3 (decimal 163)
   defining Unicode char U+00AB (decimal 171)
   defining Unicode char U+00BB (decimal 187)
   defining Unicode char U+00BF (decimal 191)
   defining Unicode char U+00C0 (decimal 192)
   defining Unicode char U+00C1 (decimal 193)
   defining Unicode char U+00C2 (decimal 194)
   defining Unicode char U+00C3 (decimal 195)
   defining Unicode char U+00C4 (decimal 196)
   defining Unicode char U+00C5 (decimal 197)
   defining Unicode char U+00C6 (decimal 198)
   defining Unicode char U+00C7 (decimal 199)
   defining Unicode char U+00C8 (decimal 200)
   defining Unicode char U+00C9 (decimal 201)
   defining Unicode char U+00CA (decimal 202)
   defining Unicode char U+00CB (decimal 203)
   defining Unicode char U+00CC (decimal 204)
   defining Unicode char U+00CD (decimal 205)
   defining Unicode char U+00CE (decimal 206)
   defining Unicode char U+00CF (decimal 207)
   defining Unicode char U+00D0 (decimal 208)
   defining Unicode char U+00D1 (decimal 209)
   defining Unicode char U+00D2 (decimal 210)
   defining Unicode char U+00D3 (decimal 211)
   defining Unicode char U+00D4 (decimal 212)
   defining Unicode char U+00D5 (decimal 213)
   defining Unicode char U+00D6 (decimal 214)
   defining Unicode char U+00D8 (decimal 216)
   defining Unicode char U+00D9 (decimal 217)
   defining Unicode char U+00DA (decimal 218)
   defining Unicode char U+00DB (decimal 219)
   defining Unicode char U+00DC (decimal 220)
   defining Unicode char U+00DD (decimal 221)
   defining Unicode char U+00DE (decimal 222)
   defining Unicode char U+00DF (decimal 223)
   defining Unicode char U+00E0 (decimal 224)
   defining Unicode char U+00E1 (decimal 225)
   defining Unicode char U+00E2 (decimal 226)
   defining Unicode char U+00E3 (decimal 227)
   defining Unicode char U+00E4 (decimal 228)
   defining Unicode char U+00E5 (decimal 229)
   defining Unicode char U+00E6 (decimal 230)
   defining Unicode char U+00E7 (decimal 231)
   defining Unicode char U+00E8 (decimal 232)
   defining Unicode char U+00E9 (decimal 233)
   defining Unicode char U+00EA (decimal 234)
   defining Unicode char U+00EB (decimal 235)
   defining Unicode char U+00EC (decimal 236)
   defining Unicode char U+00ED (decimal 237)
   defining Unicode char U+00EE (decimal 238)
   defining Unicode char U+00EF (decimal 239)
   defining Unicode char U+00F0 (decimal 240)
   defining Unicode char U+00F1 (decimal 241)
   defining Unicode char U+00F2 (decimal 242)
   defining Unicode char U+00F3 (decimal 243)
   defining Unicode char U+00F4 (decimal 244)
   defining Unicode char U+00F5 (decimal 245)
   defining Unicode char U+00F6 (decimal 246)
   defining Unicode char U+00F8 (decimal 248)
   defining Unicode char U+00F9 (decimal 249)
   defining Unicode char U+00FA (decimal 250)
   defining Unicode char U+00FB (decimal 251)
   defining Unicode char U+00FC (decimal 252)
   defining Unicode char U+00FD (decimal 253)
   defining Unicode char U+00FE (decimal 254)
   defining Unicode char U+00FF (decimal 255)
   defining Unicode char U+0102 (decimal 258)
   defining Unicode char U+0103 (decimal 259)
   defining Unicode char U+0104 (decimal 260)
   defining Unicode char U+0105 (decimal 261)
   defining Unicode char U+0106 (decimal 262)
   defining Unicode char U+0107 (decimal 263)
   defining Unicode char U+010C (decimal 268)
   defining Unicode char U+010D (decimal 269)
   defining Unicode char U+010E (decimal 270)
   defining Unicode char U+010F (decimal 271)
   defining Unicode char U+0110 (decimal 272)
   defining Unicode char U+0111 (decimal 273)
   defining Unicode char U+0118 (decimal 280)
   defining Unicode char U+0119 (decimal 281)
   defining Unicode char U+011A (decimal 282)
   defining Unicode char U+011B (decimal 283)
   defining Unicode char U+011E (decimal 286)
   defining Unicode char U+011F (decimal 287)
   defining Unicode char U+0130 (decimal 304)
   defining Unicode char U+0131 (decimal 305)
   defining Unicode char U+0132 (decimal 306)
   defining Unicode char U+0133 (decimal 307)
   defining Unicode char U+0139 (decimal 313)
   defining Unicode char U+013A (decimal 314)
   defining Unicode char U+013D (decimal 317)
   defining Unicode char U+013E (decimal 318)
   defining Unicode char U+0141 (decimal 321)
   defining Unicode char U+0142 (decimal 322)
   defining Unicode char U+0143 (decimal 323)
   defining Unicode char U+0144 (decimal 324)
   defining Unicode char U+0147 (decimal 327)
   defining Unicode char U+0148 (decimal 328)
   defining Unicode char U+014A (decimal 330)
   defining Unicode char U+014B (decimal 331)
   defining Unicode char U+0150 (decimal 336)
   defining Unicode char U+0151 (decimal 337)
   defining Unicode char U+0152 (decimal 338)
   defining Unicode char U+0153 (decimal 339)
   defining Unicode char U+0154 (decimal 340)
   defining Unicode char U+0155 (decimal 341)
   defining Unicode char U+0158 (decimal 344)
   defining Unicode char U+0159 (decimal 345)
   defining Unicode char U+015A (decimal 346)
   defining Unicode char U+015B (decimal 347)
   defining Unicode char U+015E (decimal 350)
   defining Unicode char U+015F (decimal 351)
   defining Unicode char U+0160 (decimal 352)
   defining Unicode char U+0161 (decimal 353)
   defining Unicode char U+0162 (decimal 354)
   defining Unicode char U+0163 (decimal 355)
   defining Unicode char U+0164 (decimal 356)
   defining Unicode char U+0165 (decimal 357)
   defining Unicode char U+016E (decimal 366)
   defining Unicode char U+016F (decimal 367)
   defining Unicode char U+0170 (decimal 368)
   defining Unicode char U+0171 (decimal 369)
   defining Unicode char U+0178 (decimal 376)
   defining Unicode char U+0179 (decimal 377)
   defining Unicode char U+017A (decimal 378)
   defining Unicode char U+017B (decimal 379)
   defining Unicode char U+017C (decimal 380)
   defining Unicode char U+017D (decimal 381)
   defining Unicode char U+017E (decimal 382)
   defining Unicode char U+200C (decimal 8204)
   defining Unicode char U+2013 (decimal 8211)
   defining Unicode char U+2014 (decimal 8212)
   defining Unicode char U+2018 (decimal 8216)
   defining Unicode char U+2019 (decimal 8217)
   defining Unicode char U+201A (decimal 8218)
   defining Unicode char U+201C (decimal 8220)
   defining Unicode char U+201D (decimal 8221)
   defining Unicode char U+201E (decimal 8222)
   defining Unicode char U+2030 (decimal 8240)
   defining Unicode char U+2031 (decimal 8241)
   defining Unicode char U+2039 (decimal 8249)
   defining Unicode char U+203A (decimal 8250)
   defining Unicode char U+2423 (decimal 9251)
)
Now handling font encoding OT1 ...
... processing UTF-8 mapping file for font encoding OT1
 (/usr/local/texlive/2015/texmf-dist/tex/latex/base/ot1enc.dfu
File: ot1enc.dfu 2014/09/29 v1.1m UTF-8 support for inputenc
   defining Unicode char U+00A1 (decimal 161)
   defining Unicode char U+00A3 (decimal 163)
   defining Unicode char U+00B8 (decimal 184)
   defining Unicode char U+00BF (decimal 191)
   defining Unicode char U+00C5 (decimal 197)
   defining Unicode char U+00C6 (decimal 198)
   defining Unicode char U+00D8 (decimal 216)
   defining Unicode char U+00DF (decimal 223)
   defining Unicode char U+00E6 (decimal 230)
   defining Unicode char U+00EC (decimal 236)
   defining Unicode char U+00ED (decimal 237)
   defining Unicode char U+00EE (decimal 238)
   defining Unicode char U+00EF (decimal 239)
   defining Unicode char U+00F8 (decimal 248)
   defining Unicode char U+0131 (decimal 305)
   defining Unicode char U+0141 (decimal 321)
   defining Unicode char U+0142 (decimal 322)
   defining Unicode char U+0152 (decimal 338)
   defining Unicode char U+0153 (decimal 339)
   defining Unicode char U+2013 (decimal 8211)
   defining Unicode char U+2014 (decimal 8212)
   defining Unicode char U+2018 (decimal 8216)
   defining Unicode char U+2019 (decimal 8217)
   defining Unicode char U+201C (decimal 8220)
   defining Unicode char U+201D (decimal 8221)
)
Now handling font encoding OMS ...
... processing UTF-8 mapping file for font encoding OMS
 (/usr/local/texlive/2015/texmf-dist/tex/latex/base/omsenc.dfu
File: omsenc.dfu 2014/09/29 v1.1m UTF-8 support for inputenc
   defining Unicode char U+00A7 (decimal 167)
   defining Unicode char U+00B6 (decimal 182)
   defining Unicode char U+00B7 (decimal 183)
   defining Unicode char U+2020 (decimal 8224)
   defining Unicode char U+2021 (decimal 8225)
   defining Unicode char U+2022 (decimal 8226)
)
Now handling font encoding OMX ...
... no UTF-8 mapping file for font encoding OMX
Now handling font encoding U ...
... no UTF-8 mapping file for font encoding U
   defining Unicode char U+00A9 (decimal 169)
   defining Unicode char U+00AA (decimal 170)
   defining Unicode char U+00AE (decimal 174)
   defining Unicode char U+00BA (decimal 186)
   defining Unicode char U+02C6 (decimal 710)
   defining Unicode char U+02DC (decimal 732)
   defining Unicode char U+200C (decimal 8204)
   defining Unicode char U+2026 (decimal 8230)
   defining Unicode char U+2122 (decimal 8482)
   defining Unicode char U+2423 (decimal 9251)
)) (/usr/local/texlive/2015/texmf-dist/tex/latex/base/fontenc.sty
Package: fontenc 2005/09/27 v1.99g Standard LaTeX package
 (/usr/local/texlive/2015/texmf-dist/tex/latex/base/t1enc.def
File: t1enc.def 2005/09/27 v1.99g Standard LaTeX file
LaTeX Font Info:    Redeclaring font encoding T1 on input line 48.
)) (/usr/local/texlive/2015/texmf-dist/tex/generic/babel/babel.sty
Package: babel 2014/09/25 3.9l The Babel package
 (/usr/local/texlive/2015/texmf-dist/tex/generic/babel-german/ngerman.ldf
Language: ngerman 2013/12/13 v2.7 German support for babel (new orthography)
 (/usr/local/texlive/2015/texmf-dist/tex/generic/babel-german/ngermanb.ldf
Language: ngermanb 2013/12/13 v2.7 German support for babel (new orthography)
 (/usr/local/texlive/2015/texmf-dist/tex/generic/babel/babel.def
File: babel.def 2014/09/25 3.9l Babel common definitions
\babel@savecnt=\count88
\U@D=\dimen103
)
\l@naustrian = a dialect from \language\l@ngerman 
\l@nswissgerman = a dialect from \language\l@ngerman 
Package babel Info: Making " an active character on input line 88.
))) (/usr/local/texlive/2015/texmf-dist/tex/latex/graphics/graphicx.sty
Package: graphicx 2014/10/28 v1.0g Enhanced LaTeX Graphics (DPC,SPQR)
 (/usr/local/texlive/2015/texmf-dist/tex/latex/graphics/graphics.sty
Package: graphics 2014/10/28 v1.0p Standard LaTeX Graphics (DPC,SPQR)
 (/usr/local/texlive/2015/texmf-dist/tex/latex/graphics/trig.sty
Package: trig 1999/03/16 v1.09 sin cos tan (DPC)
) (/usr/local/texlive/2015/texmf-dist/tex/latex/latexconfig/graphics.cfg
File: graphics.cfg 2010/04/23 v1.9 graphics configuration of TeX Live
)
Package graphics Info: Driver file: pdftex.def on input line 94.
 (/usr/local/texlive/2015/texmf-dist/tex/latex/pdftex-def/pdftex.def
File: pdftex.def 2011/05/27 v0.06d Graphics/color for pdfTeX
 (/usr/local/texlive/2015/texmf-dist/tex/generic/oberdiek/infwarerr.sty
Package: infwarerr 2010/04/08 v1.3 Providing info/warning/error messages (HO)
) (/usr/local/texlive/2015/texmf-dist/tex/generic/oberdiek/ltxcmds.sty
Package: ltxcmds 2011/11/09 v1.22 LaTeX kernel commands for general use (HO)
)
\Gread@gobject=\count89
))
\Gin@req@height=\dimen104
\Gin@req@width=\dimen105
) (/usr/local/texlive/2015/texmf-dist/tex/latex/base/latexsym.sty
Package: latexsym 1998/08/17 v2.2e Standard LaTeX package (lasy symbols)
\symlasy=\mathgroup4
LaTeX Font Info:    Overwriting symbol font `lasy' in version `bold'
(Font)                  U/lasy/m/n --> U/lasy/b/n on input line 52.
) (/usr/local/texlive/2015/texmf-dist/tex/latex/amsmath/amsmath.sty
Package: amsmath 2013/01/14 v2.14 AMS math features
\@mathmargin=\skip48

For additional information on amsmath, use the `?' option.
(/usr/local/texlive/2015/texmf-dist/tex/latex/amsmath/amstext.sty
Package: amstext 2000/06/29 v2.01
 (/usr/local/texlive/2015/texmf-dist/tex/latex/amsmath/amsgen.sty
File: amsgen.sty 1999/11/30 v2.0
\@emptytoks=\toks17
\ex@=\dimen106
)) (/usr/local/texlive/2015/texmf-dist/tex/latex/amsmath/amsbsy.sty
Package: amsbsy 1999/11/29 v1.2d
\pmbraise@=\dimen107
) (/usr/local/texlive/2015/texmf-dist/tex/latex/amsmath/amsopn.sty
Package: amsopn 1999/12/14 v2.01 operator names
)
\inf@bad=\count90
LaTeX Info: Redefining \frac on input line 210.
\uproot@=\count91
\leftroot@=\count92
LaTeX Info: Redefining \overline on input line 306.
\classnum@=\count93
\DOTSCASE@=\count94
LaTeX Info: Redefining \ldots on input line 378.
LaTeX Info: Redefining \dots on input line 381.
LaTeX Info: Redefining \cdots on input line 466.
\Mathstrutbox@=\box27
\strutbox@=\box28
\big@size=\dimen108
LaTeX Font Info:    Redeclaring font encoding OML on input line 566.
LaTeX Font Info:    Redeclaring font encoding OMS on input line 567.
\macc@depth=\count95
\c@MaxMatrixCols=\count96
\dotsspace@=\muskip10
\c@parentequation=\count97
\dspbrk@lvl=\count98
\tag@help=\toks18
\row@=\count99
\column@=\count100
\maxfields@=\count101
\andhelp@=\toks19
\eqnshift@=\dimen109
\alignsep@=\dimen110
\tagshift@=\dimen111
\tagwidth@=\dimen112
\totwidth@=\dimen113
\lineht@=\dimen114
\@envbody=\toks20
\multlinegap=\skip49
\multlinetaggap=\skip50
\mathdisplay@stack=\toks21
LaTeX Info: Redefining \[ on input line 2665.
LaTeX Info: Redefining \] on input line 2666.
) (/usr/local/texlive/2015/texmf-dist/tex/latex/amsfonts/amssymb.sty
Package: amssymb 2013/01/14 v3.01 AMS font symbols
 (/usr/local/texlive/2015/texmf-dist/tex/latex/amsfonts/amsfonts.sty
Package: amsfonts 2013/01/14 v3.01 Basic AMSFonts support
\symAMSa=\mathgroup5
\symAMSb=\mathgroup6
LaTeX Font Info:    Overwriting math alphabet `\mathfrak' in version `bold'
(Font)                  U/euf/m/n --> U/euf/b/n on input line 106.
)) (/usr/local/texlive/2015/texmf-dist/tex/latex/amscls/amsthm.sty
Package: amsthm 2015/03/04 v2.20.2
\thm@style=\toks22
\thm@bodyfont=\toks23
\thm@headfont=\toks24
\thm@notefont=\toks25
\thm@headpunct=\toks26
\thm@preskip=\skip51
\thm@postskip=\skip52
\thm@headsep=\skip53
\dth@everypar=\toks27
) (/usr/local/texlive/2015/texmf-dist/tex/latex/mathtools/mathtools.sty
Package: mathtools 2015/05/11 v1.16 mathematical typesetting tools
 (/usr/local/texlive/2015/texmf-dist/tex/latex/tools/calc.sty
Package: calc 2014/10/28 v4.3 Infix arithmetic (KKT,FJ)
\calc@Acount=\count102
\calc@Bcount=\count103
\calc@Adimen=\dimen115
\calc@Bdimen=\dimen116
\calc@Askip=\skip54
\calc@Bskip=\skip55
LaTeX Info: Redefining \setlength on input line 80.
LaTeX Info: Redefining \addtolength on input line 81.
\calc@Ccount=\count104
\calc@Cskip=\skip56
) (/usr/local/texlive/2015/texmf-dist/tex/latex/mathtools/mhsetup.sty
Package: mhsetup 2010/01/21 v1.2a programming setup (MH)
)
LaTeX Info: Thecontrolsequence`\('isalreadyrobust on input line 129.
LaTeX Info: Thecontrolsequence`\)'isalreadyrobust on input line 129.
LaTeX Info: Thecontrolsequence`\['isalreadyrobust on input line 129.
LaTeX Info: Thecontrolsequence`\]'isalreadyrobust on input line 129.
\g_MT_multlinerow_int=\count105
\l_MT_multwidth_dim=\dimen117
\origjot=\skip57
\l_MT_shortvdotswithinadjustabove_dim=\dimen118
\l_MT_shortvdotswithinadjustbelow_dim=\dimen119
\l_MT_above_intertext_sep=\dimen120
\l_MT_below_intertext_sep=\dimen121
\l_MT_above_shortintertext_sep=\dimen122
\l_MT_below_shortintertext_sep=\dimen123
) (/usr/local/texlive/2015/texmf-dist/tex/latex/geometry/geometry.sty
Package: geometry 2010/09/12 v5.6 Page Geometry
 (/usr/local/texlive/2015/texmf-dist/tex/generic/oberdiek/ifpdf.sty
Package: ifpdf 2011/01/30 v2.3 Provides the ifpdf switch (HO)
Package ifpdf Info: pdfTeX in PDF mode is detected.
) (/usr/local/texlive/2015/texmf-dist/tex/generic/oberdiek/ifvtex.sty
Package: ifvtex 2010/03/01 v1.5 Detect VTeX and its facilities (HO)
Package ifvtex Info: VTeX not detected.
) (/usr/local/texlive/2015/texmf-dist/tex/generic/ifxetex/ifxetex.sty
Package: ifxetex 2010/09/12 v0.6 Provides ifxetex conditional
)
\Gm@cnth=\count106
\Gm@cntv=\count107
\c@Gm@tempcnt=\count108
\Gm@bindingoffset=\dimen124
\Gm@wd@mp=\dimen125
\Gm@odd@mp=\dimen126
\Gm@even@mp=\dimen127
\Gm@layoutwidth=\dimen128
\Gm@layoutheight=\dimen129
\Gm@layouthoffset=\dimen130
\Gm@layoutvoffset=\dimen131
\Gm@dimlist=\toks28
) (/usr/local/texlive/2015/texmf-dist/tex/latex/pdfcomment/pdfcomment.sty
Package: pdfcomment 2012/09/28 pdfcomment.sty v2.3a - Josef Kleber (C) 2008-2012
 (/usr/local/texlive/2015/texmf-dist/tex/latex/xkeyval/xkeyval.sty
Package: xkeyval 2014/12/03 v2.7a package option processing (HA)
 (/usr/local/texlive/2015/texmf-dist/tex/generic/xkeyval/xkeyval.tex (/usr/local/texlive/2015/texmf-dist/tex/generic/xkeyval/xkvutils.tex
\XKV@toks=\toks29
\XKV@tempa@toks=\toks30
)
\XKV@depth=\count109
File: xkeyval.tex 2014/12/03 v2.7a key=value parser (HA)
))
\c@pc@count@i=\count110
\c@pc@count@ii=\count111
\c@pc@count@iii=\count112
\c@pc@count@iv=\count113
\pc@mathannot@box=\box29
\pc@dima=\skip58
\pc@dimb=\skip59
\pc@Sposx=\skip60
\pc@Sposy=\skip61
\pc@Eposx=\skip62
\pc@Eposy=\skip63
\pc@column=\skip64
\pc@box@width=\skip65
\pc@box@height=\skip66
\pc@box@depth=\skip67
 (/usr/local/texlive/2015/texmf-dist/tex/latex/oberdiek/zref-savepos.sty
Package: zref-savepos 2012/04/04 v2.24 Module savepos for zref (HO)
 (/usr/local/texlive/2015/texmf-dist/tex/latex/oberdiek/zref-base.sty
Package: zref-base 2012/04/04 v2.24 Module base for zref (HO)
 (/usr/local/texlive/2015/texmf-dist/tex/generic/oberdiek/kvsetkeys.sty
Package: kvsetkeys 2012/04/25 v1.16 Key value parser (HO)
 (/usr/local/texlive/2015/texmf-dist/tex/generic/oberdiek/etexcmds.sty
Package: etexcmds 2011/02/16 v1.5 Avoid name clashes with e-TeX commands (HO)
 (/usr/local/texlive/2015/texmf-dist/tex/generic/oberdiek/ifluatex.sty
Package: ifluatex 2010/03/01 v1.3 Provides the ifluatex switch (HO)
Package ifluatex Info: LuaTeX not detected.
)
Package etexcmds Info: Could not find \expanded.
(etexcmds)             That can mean that you are not using pdfTeX 1.50 or
(etexcmds)             that some package has redefined \expanded.
(etexcmds)             In the latter case, load this package earlier.
)) (/usr/local/texlive/2015/texmf-dist/tex/generic/oberdiek/kvdefinekeys.sty
Package: kvdefinekeys 2011/04/07 v1.3 Define keys (HO)
) (/usr/local/texlive/2015/texmf-dist/tex/generic/oberdiek/pdftexcmds.sty
Package: pdftexcmds 2011/11/29 v0.20 Utility functions of pdfTeX for LuaTeX (HO)
Package pdftexcmds Info: LuaTeX not detected.
Package pdftexcmds Info: \pdf@primitive is available.
Package pdftexcmds Info: \pdf@ifprimitive is available.
Package pdftexcmds Info: \pdfdraftmode found.
) (/usr/local/texlive/2015/texmf-dist/tex/latex/oberdiek/auxhook.sty
Package: auxhook 2011/03/04 v1.3 Hooks for auxiliary files (HO)
)
Package zref Info: New property list: main on input line 759.
Package zref Info: New property: default on input line 760.
Package zref Info: New property: page on input line 761.
)
Package zref Info: New property list: savepos on input line 75.
Package zref Info: New property: posx on input line 76.
Package zref Info: New property: posy on input line 77.
)
\c@zref@unique=\count114
 (/usr/local/texlive/2015/texmf-dist/tex/latex/oberdiek/refcount.sty
Package: refcount 2011/10/16 v3.4 Data extraction from label references (HO)
) (/usr/local/texlive/2015/texmf-dist/tex/latex/base/ifthen.sty
Package: ifthen 2014/09/29 v1.1c Standard LaTeX ifthen package (DPC)
) (/usr/local/texlive/2015/texmf-dist/tex/latex/marginnote/marginnote.sty
Package: marginnote 2012/03/29 v1.1i non floating margin notes for LaTeX
\c@mn@abspage=\count115
)
(/usr/local/texlive/2015/texmf-dist/tex/latex/datetime/datetime.sty
Package: datetime 2015/03/20 v2.60 Date Time Package
 (/usr/local/texlive/2015/texmf-dist/tex/latex/etoolbox/etoolbox.sty
Package: etoolbox 2015/05/04 v2.2 e-TeX tools for LaTeX (JAW)
\etb@tempcnta=\count116
) (/usr/local/texlive/2015/texmf-dist/tex/latex/fmtcount/fmtcount.sty
Package: fmtcount 2015/05/05 v3.01
 (/usr/local/texlive/2015/texmf-dist/tex/latex/fmtcount/fcprefix.sty
Package: fcprefix 2012/09/28
 (/usr/local/texlive/2015/texmf-dist/tex/latex/fmtcount/fcnumparser.sty
Package: fcnumparser 2012/09/28
\fc@digit@counter=\count117
))
\c@padzeroesN=\count118
\fc@tmpcatcode=\count119
 (/usr/local/texlive/2015/texmf-dist/tex/latex/fmtcount/fc-ngerman.def
File: fc-ngerman.def 2012/06/18
 (/usr/local/texlive/2015/texmf-dist/tex/latex/fmtcount/fc-german.def
File: fc-german.def 2014/06/09
 (/usr/local/texlive/2015/texmf-dist/tex/latex/fmtcount/fc-germanb.def
File: fc-germanb.def 2013/08/17
)) (/usr/local/texlive/2015/texmf-dist/tex/latex/fmtcount/fc-ngermanb.def
File: fc-ngermanb.def 2013/08/17
))
\@DT@modctr=\count120
\@ordinalctr=\count121
\@orgargctr=\count122
\@strctr=\count123
\@tmpstrctr=\count124
\@DT@loopN=\count125
\@DT@X=\count126
) (/usr/local/texlive/2015/texmf-dist/tex/latex/datetime/datetime-defaults.sty
Package: datetime-defaults 2013/09/10
)
\@day=\count127
\@month=\count128
\@year=\count129
\c@HOUR=\count130
\c@HOURXII=\count131
\c@MINUTE=\count132
\c@TOHOUR=\count133
\c@TOMINUTE=\count134
\c@SECOND=\count135
\currenthour=\count136
\currentminute=\count137
\currentsecond=\count138
Package datetime Info: No datetime.cfg file found, using default settings on input line 308.
\@dtctr=\count139
\dayofyear=\count140
\dayofweek=\count141
LaTeX Info: Redefining \today on input line 736.
 (/usr/local/texlive/2015/texmf-dist/tex/latex/datetime/dt-naustrian.def
File: dt-naustrian.def 2013/09/10
LaTeX Info: Redefining \datenaustrian on input line 64.
) (/usr/local/texlive/2015/texmf-dist/tex/latex/datetime/dt-ngerman.def
File: dt-ngerman.def 2013/09/10
LaTeX Info: Redefining \datengerman on input line 86.
)
\dt@a=\toks31
\dt@b=\toks32
) (/usr/local/texlive/2015/texmf-dist/tex/latex/bezos/soulpos.sty
Package: soulpos 2012/02/25 v1.0 Fancy underlining
\ulp@subcnt=\count142
\ulp@cnt=\count143
\ulp@out=\write3
\ulp@in=\read1
\ulwidth=\dimen132
) (/usr/local/texlive/2015/texmf-dist/tex/latex/hyperref/hyperref.sty
Package: hyperref 2012/11/06 v6.83m Hypertext links for LaTeX
 (/usr/local/texlive/2015/texmf-dist/tex/generic/oberdiek/hobsub-hyperref.sty
Package: hobsub-hyperref 2012/05/28 v1.13 Bundle oberdiek, subset hyperref (HO)
 (/usr/local/texlive/2015/texmf-dist/tex/generic/oberdiek/hobsub-generic.sty
Package: hobsub-generic 2012/05/28 v1.13 Bundle oberdiek, subset generic (HO)
Package: hobsub 2012/05/28 v1.13 Construct package bundles (HO)
Package hobsub Info: Skipping package `infwarerr' (already loaded).
Package hobsub Info: Skipping package `ltxcmds' (already loaded).
Package hobsub Info: Skipping package `ifluatex' (already loaded).
Package hobsub Info: Skipping package `ifvtex' (already loaded).
Package: intcalc 2007/09/27 v1.1 Expandable calculations with integers (HO)
Package hobsub Info: Skipping package `ifpdf' (already loaded).
Package hobsub Info: Skipping package `etexcmds' (already loaded).
Package hobsub Info: Skipping package `kvsetkeys' (already loaded).
Package hobsub Info: Skipping package `kvdefinekeys' (already loaded).
Package hobsub Info: Skipping package `pdftexcmds' (already loaded).
Package: pdfescape 2011/11/25 v1.13 Implements pdfTeX's escape features (HO)
Package: bigintcalc 2012/04/08 v1.3 Expandable calculations on big integers (HO)
Package: bitset 2011/01/30 v1.1 Handle bit-vector datatype (HO)
Package: uniquecounter 2011/01/30 v1.2 Provide unlimited unique counter (HO)
)
Package hobsub Info: Skipping package `hobsub' (already loaded).
Package: letltxmacro 2010/09/02 v1.4 Let assignment for LaTeX macros (HO)
Package: hopatch 2012/05/28 v1.2 Wrapper for package hooks (HO)
Package: xcolor-patch 2011/01/30 xcolor patch
Package: atveryend 2011/06/30 v1.8 Hooks at the very end of document (HO)
Package: atbegshi 2011/10/05 v1.16 At begin shipout hook (HO)
Package hobsub Info: Skipping package `refcount' (already loaded).
Package: hycolor 2011/01/30 v1.7 Color options for hyperref/bookmark (HO)
) (/usr/local/texlive/2015/texmf-dist/tex/latex/oberdiek/kvoptions.sty
Package: kvoptions 2011/06/30 v3.11 Key value format for package options (HO)
)
\@linkdim=\dimen133
\Hy@linkcounter=\count144
\Hy@pagecounter=\count145
 (/usr/local/texlive/2015/texmf-dist/tex/latex/hyperref/pd1enc.def
File: pd1enc.def 2012/11/06 v6.83m Hyperref: PDFDocEncoding definition (HO)
Now handling font encoding PD1 ...
... no UTF-8 mapping file for font encoding PD1
)
\Hy@SavedSpaceFactor=\count146
 (/usr/local/texlive/2015/texmf-dist/tex/latex/latexconfig/hyperref.cfg
File: hyperref.cfg 2002/06/06 v1.2 hyperref configuration of TeXLive
)
Package hyperref Info: Hyper figures OFF on input line 4443.
Package hyperref Info: Link nesting OFF on input line 4448.
Package hyperref Info: Hyper index ON on input line 4451.
Package hyperref Info: Plain pages OFF on input line 4458.
Package hyperref Info: Backreferencing OFF on input line 4463.
Package hyperref Info: Implicit mode ON; LaTeX internals redefined.
Package hyperref Info: Bookmarks ON on input line 4688.
\c@Hy@tempcnt=\count147
 (/usr/local/texlive/2015/texmf-dist/tex/latex/url/url.sty
\Urlmuskip=\muskip11
Package: url 2013/09/16  ver 3.4  Verb mode for urls, etc.
)
LaTeX Info: Redefining \url on input line 5041.
\XeTeXLinkMargin=\dimen134
\Fld@menulength=\count148
\Field@Width=\dimen135
\Fld@charsize=\dimen136
Package hyperref Info: Hyper figures OFF on input line 6295.
Package hyperref Info: Link nesting OFF on input line 6300.
Package hyperref Info: Hyper index ON on input line 6303.
Package hyperref Info: backreferencing OFF on input line 6310.
Package hyperref Info: Link coloring OFF on input line 6315.
Package hyperref Info: Link coloring with OCG OFF on input line 6320.
Package hyperref Info: PDF/A mode OFF on input line 6325.
LaTeX Info: Redefining \ref on input line 6365.
LaTeX Info: Redefining \pageref on input line 6369.
\Hy@abspage=\count149
\c@Item=\count150
\c@Hfootnote=\count151
)

Package hyperref Message: Driver: hpdftex.

(/usr/local/texlive/2015/texmf-dist/tex/latex/hyperref/hpdftex.def
File: hpdftex.def 2012/11/06 v6.83m Hyperref driver for pdfTeX
\Fld@listcount=\count152
\c@bookmark@seq@number=\count153
 (/usr/local/texlive/2015/texmf-dist/tex/latex/oberdiek/rerunfilecheck.sty
Package: rerunfilecheck 2011/04/15 v1.7 Rerun checks for auxiliary files (HO)
Package uniquecounter Info: New unique counter `rerunfilecheck' on input line 282.
)
\Hy@SectionHShift=\skip68
)
Package zref Info: New property list: pdfcomment on input line 2714.
Package zref Info: New property: PCPDFOBJID on input line 2715.
) (/usr/local/texlive/2015/texmf-dist/tex/latex/units/nicefrac.sty
Package: nicefrac 1998/08/04 v0.9b Nice fractions
\L@UnitsRaiseDisplaystyle=\skip69
\L@UnitsRaiseTextstyle=\skip70
\L@UnitsRaiseScriptstyle=\skip71
)
   defining Unicode char U+00A0 (decimal 160)
\c@Satz=\count154
   defining Unicode char U+00A0 (decimal 160)
 (/Users/martin/Dropbox/Bachelorarbeit/Skript/Ansatz 3/.texpadtmp/bsc3.aux)
\openout1 = `bsc3.aux'.

LaTeX Font Info:    Checking defaults for OML/cmm/m/it on input line 39.
LaTeX Font Info:    ... okay on input line 39.
LaTeX Font Info:    Checking defaults for T1/cmr/m/n on input line 39.
LaTeX Font Info:    ... okay on input line 39.
LaTeX Font Info:    Checking defaults for OT1/cmr/m/n on input line 39.
LaTeX Font Info:    ... okay on input line 39.
LaTeX Font Info:    Checking defaults for OMS/cmsy/m/n on input line 39.
LaTeX Font Info:    ... okay on input line 39.
LaTeX Font Info:    Checking defaults for OMX/cmex/m/n on input line 39.
LaTeX Font Info:    ... okay on input line 39.
LaTeX Font Info:    Checking defaults for U/cmr/m/n on input line 39.
LaTeX Font Info:    ... okay on input line 39.
LaTeX Font Info:    Checking defaults for PD1/pdf/m/n on input line 39.
LaTeX Font Info:    ... okay on input line 39.
 (/usr/local/texlive/2015/texmf-dist/tex/context/base/supp-pdf.mkii
[Loading MPS to PDF converter (version 2006.09.02).]
\scratchcounter=\count155
\scratchdimen=\dimen137
\scratchbox=\box30
\nofMPsegments=\count156
\nofMParguments=\count157
\everyMPshowfont=\toks33
\MPscratchCnt=\count158
\MPscratchDim=\dimen138
\MPnumerator=\count159
\makeMPintoPDFobject=\count160
\everyMPtoPDFconversion=\toks34
) (/usr/local/texlive/2015/texmf-dist/tex/latex/oberdiek/epstopdf-base.sty
Package: epstopdf-base 2010/02/09 v2.5 Base part for package epstopdf
 (/usr/local/texlive/2015/texmf-dist/tex/latex/oberdiek/grfext.sty
Package: grfext 2010/08/19 v1.1 Manage graphics extensions (HO)
)
Package grfext Info: Graphics extension search list:
(grfext)             [.png,.pdf,.jpg,.mps,.jpeg,.jbig2,.jb2,.PNG,.PDF,.JPG,.JPEG,.JBIG2,.JB2,.eps]
(grfext)             \AppendGraphicsExtensions on input line 452.
 (/usr/local/texlive/2015/texmf-dist/tex/latex/latexconfig/epstopdf-sys.cfg
File: epstopdf-sys.cfg 2010/07/13 v1.3 Configuration of (r)epstopdf for TeX Live
))
*geometry* driver: auto-detecting
*geometry* detected driver: pdftex
*geometry* verbose mode - [ preamble ] result:
* driver: pdftex
* paper: a4paper
* layout: <same size as paper>
* layoutoffset:(h,v)=(0.0pt,0.0pt)
* modes: 
* h-part:(L,W,R)=(89.62709pt, 418.25368pt, 89.6271pt)
* v-part:(T,H,B)=(101.40665pt, 685.82399pt, 57.81621pt)
* \paperwidth=597.50787pt
* \paperheight=845.04684pt
* \textwidth=418.25368pt
* \textheight=685.82399pt
* \oddsidemargin=17.3571pt
* \evensidemargin=17.3571pt
* \topmargin=-42.67912pt
* \headheight=21.25pt
* \headsep=25.5pt
* \topskip=14.0pt
* \footskip=59.5pt
* \marginparwidth=35.14752pt
* \marginparsep=12.8401pt
* \columnsep=10.0pt
* \skip\footins=12.0pt plus 4.0pt minus 2.0pt
* \hoffset=0.0pt
* \voffset=0.0pt
* \mag=1000
* \@twocolumnfalse
* \@twosidefalse
* \@mparswitchfalse
* \@reversemarginfalse
* (1in=72.27pt=25.4mm, 1cm=28.453pt)

Package marginnote Info: \pdfoutput not 0 and \pdflastxpos available.
(marginnote)             Extended position detection mode activated.
Package soulpos Info: Loading soulutf8 on input line 39.
(/usr/local/texlive/2015/texmf-dist/tex/generic/oberdiek/soulutf8.sty
Package: soulutf8 2007/09/09 v1.0 Permit use of UTF-8 characters in soul (HO)
 (/usr/local/texlive/2015/texmf-dist/tex/latex/soul/soul.sty
Package: soul 2003/11/17 v2.4 letterspacing/underlining (mf)
\SOUL@word=\toks35
\SOUL@lasttoken=\toks36
\SOUL@cmds=\toks37
\SOUL@buffer=\toks38
\SOUL@token=\toks39
\SOUL@spaceskip=\skip72
\SOUL@ttwidth=\dimen139
\SOUL@uldp=\dimen140
\SOUL@ulht=\dimen141
))
\AtBeginShipoutBox=\box31
Package hyperref Info: Link coloring OFF on input line 39.
 (/usr/local/texlive/2015/texmf-dist/tex/latex/hyperref/nameref.sty
Package: nameref 2012/10/27 v2.43 Cross-referencing by name of section
 (/usr/local/texlive/2015/texmf-dist/tex/generic/oberdiek/gettitlestring.sty
Package: gettitlestring 2010/12/03 v1.4 Cleanup title references (HO)
)
\c@section@level=\count161
)
LaTeX Info: Redefining \ref on input line 39.
LaTeX Info: Redefining \pageref on input line 39.
LaTeX Info: Redefining \nameref on input line 39.
 (/Users/martin/Dropbox/Bachelorarbeit/Skript/Ansatz 3/.texpadtmp/bsc3.out) (/Users/martin/Dropbox/Bachelorarbeit/Skript/Ansatz 3/.texpadtmp/bsc3.out)
\@outlinefile=\write4
\openout4 = `bsc3.out'.

LaTeX Font Info:    Try loading font information for T1+cmss on input line 43.
 (/usr/local/texlive/2015/texmf-dist/tex/latex/base/t1cmss.fd
File: t1cmss.fd 2014/09/29 v2.5h Standard LaTeX font definitions
)
Package babel Info: Redefining ngerman shorthand "|
(babel)             in language  on input line 43.
Package babel Info: Redefining ngerman shorthand "~
(babel)             in language  on input line 43.
LaTeX Font Info:    Try loading font information for U+lasy on input line 45.
 (/usr/local/texlive/2015/texmf-dist/tex/latex/base/ulasy.fd
File: ulasy.fd 1998/08/17 v2.2e LaTeX symbol font definitions
)
LaTeX Font Info:    Try loading font information for U+msa on input line 45.
 (/usr/local/texlive/2015/texmf-dist/tex/latex/amsfonts/umsa.fd
File: umsa.fd 2013/01/14 v3.01 AMS symbols A
)
LaTeX Font Info:    Try loading font information for U+msb on input line 45.
 (/usr/local/texlive/2015/texmf-dist/tex/latex/amsfonts/umsb.fd
File: umsb.fd 2013/01/14 v3.01 AMS symbols B
)
Package babel Info: Redefining ngerman shorthand "|
(babel)             in language  on input line 52.
Package babel Info: Redefining ngerman shorthand "~
(babel)             in language  on input line 52.


Package hyperref Warning: Token not allowed in a PDF string (PDFDocEncoding):
(hyperref)                removing `math shift' on input line 52.


Package hyperref Warning: Token not allowed in a PDF string (PDFDocEncoding):
(hyperref)                removing `superscript' on input line 52.


Package hyperref Warning: Token not allowed in a PDF string (PDFDocEncoding):
(hyperref)                removing `\Subset' on input line 52.


Package hyperref Warning: Token not allowed in a PDF string (PDFDocEncoding):
(hyperref)                removing `superscript' on input line 52.


Package hyperref Warning: Token not allowed in a PDF string (PDFDocEncoding):
(hyperref)                removing `math shift' on input line 52.


Package hyperref Warning: Token not allowed in a PDF string (PDFDocEncoding):
(hyperref)                removing `superscript' on input line 52.


Package hyperref Warning: Token not allowed in a PDF string (PDFDocEncoding):
(hyperref)                removing `subscript' on input line 52.


Package hyperref Warning: Token not allowed in a PDF string (PDFDocEncoding):
(hyperref)                removing `subscript' on input line 52.


Package hyperref Warning: Token not allowed in a PDF string (PDFDocEncoding):
(hyperref)                removing `superscript' on input line 52.


Package hyperref Warning: Token not allowed in a PDF string (PDFDocEncoding):
(hyperref)                removing `subscript' on input line 52.


Package hyperref Warning: Token not allowed in a PDF string (PDFDocEncoding):
(hyperref)                removing `subscript' on input line 52.

Package babel Info: Redefining ngerman shorthand "|
(babel)             in language  on input line 52.
Package babel Info: Redefining ngerman shorthand "~
(babel)             in language  on input line 52.
Package babel Info: Redefining ngerman shorthand "|
(babel)             in language  on input line 52.
Package babel Info: Redefining ngerman shorthand "~
(babel)             in language  on input line 52.
Package hyperref Info: bookmark level for unknown lpcsec defaults to 0 on input line 52.
Package babel Info: Redefining ngerman shorthand "|
(babel)             in language  on input line 54.
Package babel Info: Redefining ngerman shorthand "~
(babel)             in language  on input line 54.

Overfull \hbox (25.67331pt too wide) detected at line 61
\OMS/cmsy/m/n/14.4 ^^@ [] \OT1/cmr/m/n/14.4 ^^A\OML/cmm/m/it/14.4 u \OMS/cmsy/m/n/14.4 ^^A [] \OT1/cmr/m/n/14.4 + []\OMS/cmsy/m/n/14.4 r\OML/cmm/m/it/14.4 u\OT1/cmr/m/n/14.4 (\OML/cmm/m/it/14.4 x[] \OMS/cmsy/m/n/14.4 ^^@ \OT1/cmr/m/n/14.4 0)[] \OMS/cmsy/m/n/14.4 ^^@ r\OML/cmm/m/it/14.4 u\OT1/cmr/m/n/14.4 (\OML/cmm/m/it/14.4 x[] \OT1/cmr/m/n/14.4 + 0)[][][] 
 []

Package babel Info: Redefining ngerman shorthand "|
(babel)             in language  on input line 64.
Package babel Info: Redefining ngerman shorthand "~
(babel)             in language  on input line 64.
Package babel Info: Redefining ngerman shorthand "|
(babel)             in language  on input line 64.
Package babel Info: Redefining ngerman shorthand "~
(babel)             in language  on input line 64.
[1{/usr/local/texlive/2015/texmf-var/fonts/map/pdftex/updmap/pdftex.map}


\openout3 = `bsc3.upa'.

]
Overfull \hbox (1.81499pt too wide) in paragraph at lines 79--79
[] 
 []


Underfull \hbox (badness 10000) in paragraph at lines 80--82

 []


LaTeX Warning: Command \pdfstringdef invalid in math mode on input line 93.

Package babel Info: Redefining ngerman shorthand "|
(babel)             in language  on input line 93.
Package babel Info: Redefining ngerman shorthand "~
(babel)             in language  on input line 93.

LaTeX Warning: Command \pdfstringdef invalid in math mode on input line 93.

Package babel Info: Redefining ngerman shorthand "|
(babel)             in language  on input line 93.
Package babel Info: Redefining ngerman shorthand "~
(babel)             in language  on input line 93.

LaTeX Warning: Command \pdfstringdef invalid in math mode on input line 93.

Package babel Info: Redefining ngerman shorthand "|
(babel)             in language  on input line 93.
Package babel Info: Redefining ngerman shorthand "~
(babel)             in language  on input line 93.

LaTeX Warning: Command \pdfstringdef invalid in math mode on input line 93.

Package babel Info: Redefining ngerman shorthand "|
(babel)             in language  on input line 93.
Package babel Info: Redefining ngerman shorthand "~
(babel)             in language  on input line 93.

LaTeX Warning: Command \pdfstringdef invalid in math mode on input line 93.

Package babel Info: Redefining ngerman shorthand "|
(babel)             in language  on input line 93.
Package babel Info: Redefining ngerman shorthand "~
(babel)             in language  on input line 93.

LaTeX Warning: Command \pdfstringdef invalid in math mode on input line 93.

Package babel Info: Redefining ngerman shorthand "|
(babel)             in language  on input line 93.
Package babel Info: Redefining ngerman shorthand "~
(babel)             in language  on input line 93.

Overfull \hbox (37.35162pt too wide) in paragraph at lines 93--93
[] 
 []

Package babel Info: Redefining ngerman shorthand "|
(babel)             in language  on input line 93.
Package babel Info: Redefining ngerman shorthand "~
(babel)             in language  on input line 93.
Package babel Info: Redefining ngerman shorthand "|
(babel)             in language  on input line 93.
Package babel Info: Redefining ngerman shorthand "~
(babel)             in language  on input line 93.
[2]
Package babel Info: Redefining ngerman shorthand "|
(babel)             in language  on input line 96.
Package babel Info: Redefining ngerman shorthand "~
(babel)             in language  on input line 96.


LaTeX Warning: Command \pdfstringdef invalid in math mode on input line 100.

Package babel Info: Redefining ngerman shorthand "|
(babel)             in language  on input line 100.
Package babel Info: Redefining ngerman shorthand "~
(babel)             in language  on input line 100.

Package hyperref Warning: Token not allowed in a PDF string (PDFDocEncoding):
(hyperref)                removing `superscript' on input line 100.


Package hyperref Warning: Token not allowed in a PDF string (PDFDocEncoding):
(hyperref)                removing `subscript' on input line 100.


LaTeX Warning: Command \pdfstringdef invalid in math mode on input line 100.

Package babel Info: Redefining ngerman shorthand "|
(babel)             in language  on input line 100.
Package babel Info: Redefining ngerman shorthand "~
(babel)             in language  on input line 100.

LaTeX Warning: Command \pdfstringdef invalid in math mode on input line 100.

Package babel Info: Redefining ngerman shorthand "|
(babel)             in language  on input line 100.
Package babel Info: Redefining ngerman shorthand "~
(babel)             in language  on input line 100.

LaTeX Warning: Command \pdfstringdef invalid in math mode on input line 100.

Package babel Info: Redefining ngerman shorthand "|
(babel)             in language  on input line 100.
Package babel Info: Redefining ngerman shorthand "~
(babel)             in language  on input line 100.

Package hyperref Warning: Token not allowed in a PDF string (PDFDocEncoding):
(hyperref)                removing `superscript' on input line 100.


Package hyperref Warning: Token not allowed in a PDF string (PDFDocEncoding):
(hyperref)                removing `subscript' on input line 100.


LaTeX Warning: Command \pdfstringdef invalid in math mode on input line 100.

Package babel Info: Redefining ngerman shorthand "|
(babel)             in language  on input line 100.
Package babel Info: Redefining ngerman shorthand "~
(babel)             in language  on input line 100.

LaTeX Warning: Command \pdfstringdef invalid in math mode on input line 100.

Package babel Info: Redefining ngerman shorthand "|
(babel)             in language  on input line 100.
Package babel Info: Redefining ngerman shorthand "~
(babel)             in language  on input line 100.
Package babel Info: Redefining ngerman shorthand "|
(babel)             in language  on input line 104.
Package babel Info: Redefining ngerman shorthand "~
(babel)             in language  on input line 104.
Package babel Info: Redefining ngerman shorthand "|
(babel)             in language  on input line 104.
Package babel Info: Redefining ngerman shorthand "~
(babel)             in language  on input line 104.
Package babel Info: Redefining ngerman shorthand "|
(babel)             in language  on input line 104.
Package babel Info: Redefining ngerman shorthand "~
(babel)             in language  on input line 104.

Overfull \hbox (12.67352pt too wide) in paragraph at lines 104--105
\OMS/cmsy/m/n/14.4 D\OT1/cmr/m/n/14.4 (\OML/cmm/m/it/14.4 A\OT1/cmr/m/n/14.4 )$ \T1/cmr/m/n/14.4 the-re exists a un-i-que so-lu-ti-on. Lets as-s-u-me that $\OML/cmm/m/it/14.4 f$\T1/cmr/m/n/14.4 , as the righthand-
 []

Package babel Info: Redefining ngerman shorthand "|
(babel)             in language  on input line 105.
Package babel Info: Redefining ngerman shorthand "~
(babel)             in language  on input line 105.
Package babel Info: Redefining ngerman shorthand "|
(babel)             in language  on input line 105.
Package babel Info: Redefining ngerman shorthand "~
(babel)             in language  on input line 105.
[3]
Package babel Info: Redefining ngerman shorthand "|
(babel)             in language  on input line 133.
Package babel Info: Redefining ngerman shorthand "~
(babel)             in language  on input line 133.
Package babel Info: Redefining ngerman shorthand "|
(babel)             in language  on input line 133.
Package babel Info: Redefining ngerman shorthand "~
(babel)             in language  on input line 133.
 [4]
Overfull \hbox (47.42249pt too wide) in paragraph at lines 163--163
[] 
 []

Package babel Info: Redefining ngerman shorthand "|
(babel)             in language  on input line 163.
Package babel Info: Redefining ngerman shorthand "~
(babel)             in language  on input line 163.
Package babel Info: Redefining ngerman shorthand "|
(babel)             in language  on input line 163.
Package babel Info: Redefining ngerman shorthand "~
(babel)             in language  on input line 163.
[5]
Package babel Info: Redefining ngerman shorthand "|
(babel)             in language  on input line 226.
Package babel Info: Redefining ngerman shorthand "~
(babel)             in language  on input line 226.
Package babel Info: Redefining ngerman shorthand "|
(babel)             in language  on input line 226.
Package babel Info: Redefining ngerman shorthand "~
(babel)             in language  on input line 226.
 [6]
Package babel Info: Redefining ngerman shorthand "|
(babel)             in language  on input line 228.
Package babel Info: Redefining ngerman shorthand "~
(babel)             in language  on input line 228.


Package hyperref Warning: Token not allowed in a PDF string (PDFDocEncoding):
(hyperref)                removing `math shift' on input line 228.


Package hyperref Warning: Token not allowed in a PDF string (PDFDocEncoding):
(hyperref)                removing `subscript' on input line 228.


Package hyperref Warning: Token not allowed in a PDF string (PDFDocEncoding):
(hyperref)                removing `math shift' on input line 228.

Package babel Info: Redefining ngerman shorthand "|
(babel)             in language  on input line 256.
Package babel Info: Redefining ngerman shorthand "~
(babel)             in language  on input line 256.
Package babel Info: Redefining ngerman shorthand "|
(babel)             in language  on input line 256.
Package babel Info: Redefining ngerman shorthand "~
(babel)             in language  on input line 256.
[7]
Package babel Info: Redefining ngerman shorthand "|
(babel)             in language  on input line 257.
Package babel Info: Redefining ngerman shorthand "~
(babel)             in language  on input line 257.


Package hyperref Warning: Token not allowed in a PDF string (PDFDocEncoding):
(hyperref)                removing `math shift' on input line 257.


Package hyperref Warning: Token not allowed in a PDF string (PDFDocEncoding):
(hyperref)                removing `subscript' on input line 257.


Package hyperref Warning: Token not allowed in a PDF string (PDFDocEncoding):
(hyperref)                removing `math shift' on input line 257.

Package babel Info: Redefining ngerman shorthand "|
(babel)             in language  on input line 273.
Package babel Info: Redefining ngerman shorthand "~
(babel)             in language  on input line 273.
Package babel Info: Redefining ngerman shorthand "|
(babel)             in language  on input line 273.
Package babel Info: Redefining ngerman shorthand "~
(babel)             in language  on input line 273.
[8]
Package babel Info: Redefining ngerman shorthand "|
(babel)             in language  on input line 275.
Package babel Info: Redefining ngerman shorthand "~
(babel)             in language  on input line 275.
Package babel Info: Redefining ngerman shorthand "|
(babel)             in language  on input line 278.
Package babel Info: Redefining ngerman shorthand "~
(babel)             in language  on input line 278.
Package babel Info: Redefining ngerman shorthand "|
(babel)             in language  on input line 286.
Package babel Info: Redefining ngerman shorthand "~
(babel)             in language  on input line 286.

Underfull \hbox (badness 10000) in paragraph at lines 293--295

 []

Package babel Info: Redefining ngerman shorthand "|
(babel)             in language  on input line 306.
Package babel Info: Redefining ngerman shorthand "~
(babel)             in language  on input line 306.
Package babel Info: Redefining ngerman shorthand "|
(babel)             in language  on input line 306.
Package babel Info: Redefining ngerman shorthand "~
(babel)             in language  on input line 306.
[9]
Package babel Info: Redefining ngerman shorthand "|
(babel)             in language  on input line 329.
Package babel Info: Redefining ngerman shorthand "~
(babel)             in language  on input line 329.
Package babel Info: Redefining ngerman shorthand "|
(babel)             in language  on input line 329.
Package babel Info: Redefining ngerman shorthand "~
(babel)             in language  on input line 329.
 [10]
Package babel Info: Redefining ngerman shorthand "|
(babel)             in language  on input line 331.
Package babel Info: Redefining ngerman shorthand "~
(babel)             in language  on input line 331.
Package babel Info: Redefining ngerman shorthand "|
(babel)             in language  on input line 344.
Package babel Info: Redefining ngerman shorthand "~
(babel)             in language  on input line 344.


Package hyperref Warning: Token not allowed in a PDF string (PDFDocEncoding):
(hyperref)                removing `math shift' on input line 344.


Package hyperref Warning: Token not allowed in a PDF string (PDFDocEncoding):
(hyperref)                removing `subscript' on input line 344.


Package hyperref Warning: Token not allowed in a PDF string (PDFDocEncoding):
(hyperref)                removing `math shift' on input line 344.


Package hyperref Warning: Token not allowed in a PDF string (PDFDocEncoding):
(hyperref)                removing `math shift' on input line 344.


Package hyperref Warning: Token not allowed in a PDF string (PDFDocEncoding):
(hyperref)                removing `subscript' on input line 344.


Package hyperref Warning: Token not allowed in a PDF string (PDFDocEncoding):
(hyperref)                removing `\mu' on input line 344.


Package hyperref Warning: Token not allowed in a PDF string (PDFDocEncoding):
(hyperref)                removing `math shift' on input line 344.


Overfull \hbox (4.79129pt too wide) detected at line 348
\OMS/cmsy/m/n/14.4 8\OML/cmm/m/it/14.4 v \OMS/cmsy/m/n/14.4 2 \OML/cmm/m/it/14.4 H[]\OT1/cmr/m/n/14.4 (\U/msb/m/n/14.4 R\OT1/cmr/m/n/14.4 ) :  [] \OMS/cmsy/m/n/14.4 r\OML/cmm/m/it/14.4 u[]dx \OMS/cmsy/m/n/14.4 ^^@ \OML/cmm/m/it/14.4 ^^V [] u[]dx \OT1/cmr/m/n/14.4 + \OML/cmm/m/it/14.4 u\OT1/cmr/m/n/14.4 (\OML/cmm/m/it/14.4 x[]\OT1/cmr/m/n/14.4 )\OML/cmm/m/it/14.4 v\OT1/cmr/m/n/14.4 (\OML/cmm/m/it/14.4 x[]\OT1/cmr/m/n/14.4 ) = [] \OML/cmm/m/it/14.4 f[]dx \OT1/cmr/m/n/14.4 (1)
 []

Package atveryend Info: Empty hook `BeforeClearDocument' on input line 504.
Package babel Info: Redefining ngerman shorthand "|
(babel)             in language  on input line 504.
Package babel Info: Redefining ngerman shorthand "~
(babel)             in language  on input line 504.
Package babel Info: Redefining ngerman shorthand "|
(babel)             in language  on input line 504.
Package babel Info: Redefining ngerman shorthand "~
(babel)             in language  on input line 504.
[11]
Package babel Info: Redefining ngerman shorthand "|
(babel)             in language  on input line 504.
Package babel Info: Redefining ngerman shorthand "~
(babel)             in language  on input line 504.
Package babel Info: Redefining ngerman shorthand "|
(babel)             in language  on input line 504.
Package babel Info: Redefining ngerman shorthand "~
(babel)             in language  on input line 504.
 [12]
Package atveryend Info: Empty hook `AfterLastShipout' on input line 504.
 (/Users/martin/Dropbox/Bachelorarbeit/Skript/Ansatz 3/.texpadtmp/bsc3.aux * soulpos - computing points - it may take a few seconds *
\openout3 = `bsc3.upb'.

 (/Users/martin/Dropbox/Bachelorarbeit/Skript/Ansatz 3/.texpadtmp/bsc3.upa))
Package atveryend Info: Executing hook `AtVeryEndDocument' on input line 504.
Package atveryend Info: Executing hook `AtEndAfterFileList' on input line 504.
Package rerunfilecheck Info: File `bsc3.out' has not changed.
(rerunfilecheck)             Checksum: <no file>.
 ) 
Here is how much of TeX's memory you used:
 12656 strings out of 493089
 204575 string characters out of 6134843
 381060 words of memory out of 5000000
 15858 multiletter control sequences out of 15000+600000
 20662 words of font info for 60 fonts, out of 8000000 for 9000
 1141 hyphenation exceptions out of 8191
 54i,13n,54p,1067b,440s stack positions out of 5000i,500n,10000p,200000b,80000s
{/usr/local/texlive/2015/texmf-dist/fonts/enc/dvips/cm-super/cm-super-t1.enc}</usr/local/texlive/2015/texmf-dist/fonts/type1/public/amsfonts/cm/cmex10.pfb></usr/local/texlive/2015/texmf-dist/fonts/type1/public/amsfonts/cm/cmmi10.pfb></usr/local/texlive/2015/texmf-dist/fonts/type1/public/amsfonts/cm/cmmi12.pfb></usr/local/texlive/2015/texmf-dist/fonts/type1/public/amsfonts/cm/cmmi7.pfb></usr/local/texlive/2015/texmf-dist/fonts/type1/public/amsfonts/cm/cmr10.pfb></usr/local/texlive/2015/texmf-dist/fonts/type1/public/amsfonts/cm/cmr12.pfb></usr/local/texlive/2015/texmf-dist/fonts/type1/public/amsfonts/cm/cmr7.pfb></usr/local/texlive/2015/texmf-dist/fonts/type1/public/amsfonts/cm/cmsy10.pfb></usr/local/texlive/2015/texmf-dist/fonts/type1/public/amsfonts/cm/cmsy7.pfb></usr/local/texlive/2015/texmf-dist/fonts/type1/public/amsfonts/symbols/msam10.pfb></usr/local/texlive/2015/texmf-dist/fonts/type1/public/amsfonts/symbols/msbm10.pfb></usr/local/texlive/2015/texmf-dist/fonts/type1/public/amsfonts/symbols/msbm7.pfb></usr/local/texlive/2015/texmf-dist/fonts/type1/public/cm-super/sfbi1440.pfb></usr/local/texlive/2015/texmf-dist/fonts/type1/public/cm-super/sfbx1440.pfb></usr/local/texlive/2015/texmf-dist/fonts/type1/public/cm-super/sfrm0700.pfb></usr/local/texlive/2015/texmf-dist/fonts/type1/public/cm-super/sfrm1000.pfb></usr/local/texlive/2015/texmf-dist/fonts/type1/public/cm-super/sfrm1440.pfb></usr/local/texlive/2015/texmf-dist/fonts/type1/public/cm-super/sfsl1440.pfb></usr/local/texlive/2015/texmf-dist/fonts/type1/public/cm-super/sfsx1728.pfb></usr/local/texlive/2015/texmf-dist/fonts/type1/public/cm-super/sfsx2074.pfb></usr/local/texlive/2015/texmf-dist/fonts/type1/public/cm-super/sfti1000.pfb></usr/local/texlive/2015/texmf-dist/fonts/type1/public/cm-super/sfti1440.pfb>
Output written on "/Users/martin/Dropbox/Bachelorarbeit/Skript/Ansatz 3/.texpadtmp/bsc3.pdf" (12 pages, 298644 bytes).
PDF statistics:
 219 PDF objects out of 1000 (max. 8388607)
 179 compressed objects within 2 object streams
 35 named destinations out of 1000 (max. 500000)
 81 words of extra memory for PDF output out of 10000 (max. 10000000)

